<?xml version="1.0" encoding="UTF-8"?>
<!-- Generated by org.testng.reporters.JUnitReportReporter -->
<testsuite hostname="SYNPYBRL145JQ78" failures="0" tests="1" name="com.via.test.HotelPageTest" time="48.778" errors="0" timestamp="2024-11-26T15:32:05 IST" skipped="0">
  <testcase classname="com.via.test.HotelPageTest" name="validateHotelSearch" time="48.778"/>
</testsuite> <!-- com.via.test.HotelPageTest -->
