<?xml version="1.0" encoding="UTF-8"?>
<!-- Generated by org.testng.reporters.JUnitReportReporter -->
<testsuite hostname="SYNPYBRL145JQ78" failures="0" tests="3" name="com.via.test.FlightPageTest" time="77.418" errors="0" timestamp="2024-11-26T15:32:05 IST" skipped="0">
  <testcase classname="com.via.test.FlightPageTest" name="validateOneWayTripTest" time="23.736"/>
  <testcase classname="com.via.test.FlightPageTest" name="validateRoundTripTest" time="27.111"/>
  <testcase classname="com.via.test.FlightPageTest" name="validateMultiCityTest" time="26.571"/>
</testsuite> <!-- com.via.test.FlightPageTest -->
