<?xml version="1.0" encoding="UTF-8"?>
<!-- Generated by org.testng.reporters.JUnitReportReporter -->
<testsuite hostname="SYNPYBRL145JQ78" failures="0" tests="1" name="com.via.test.SignInPageTest" time="20.486" errors="0" timestamp="2024-11-26T15:32:05 IST" skipped="0">
  <testcase classname="com.via.test.SignInPageTest" name="validateSignInTest" time="20.486"/>
</testsuite> <!-- com.via.test.SignInPageTest -->
